[01-May-2017 11:05:08 UTC] PHP Warning:  require(libphp-phpmailer/class.phpmailer.php): failed to open stream: No such file or directory in /home/ubuntu/workspace/historymaps/includes/helpers.php on line 6
[01-May-2017 11:05:08 UTC] PHP Stack trace:
[01-May-2017 11:05:08 UTC] PHP   1. {main}() /home/ubuntu/workspace/historymaps/public/index.php:0
[01-May-2017 11:05:08 UTC] PHP   2. require() /home/ubuntu/workspace/historymaps/public/index.php:4
[01-May-2017 11:05:08 UTC] PHP   3. require() /home/ubuntu/workspace/historymaps/includes/config.php:8
[01-May-2017 11:05:08 UTC] PHP Fatal error:  require(): Failed opening required 'libphp-phpmailer/class.phpmailer.php' (include_path='.:/usr/share/php:/usr/share/pear') in /home/ubuntu/workspace/historymaps/includes/helpers.php on line 6
[01-May-2017 11:05:08 UTC] PHP Stack trace:
[01-May-2017 11:05:08 UTC] PHP   1. {main}() /home/ubuntu/workspace/historymaps/public/index.php:0
[01-May-2017 11:05:08 UTC] PHP   2. require() /home/ubuntu/workspace/historymaps/public/index.php:4
[01-May-2017 11:05:08 UTC] PHP   3. require() /home/ubuntu/workspace/historymaps/includes/config.php:8
[01-May-2017 11:06:39 UTC] PHP Warning:  require(libphp-phpmailer/class.phpmailer.php): failed to open stream: No such file or directory in /home/ubuntu/workspace/historymaps/includes/helpers.php on line 6
[01-May-2017 11:06:39 UTC] PHP Stack trace:
[01-May-2017 11:06:39 UTC] PHP   1. {main}() /home/ubuntu/workspace/historymaps/public/index.php:0
[01-May-2017 11:06:39 UTC] PHP   2. require() /home/ubuntu/workspace/historymaps/public/index.php:4
[01-May-2017 11:06:39 UTC] PHP   3. require() /home/ubuntu/workspace/historymaps/includes/config.php:8
[01-May-2017 11:06:39 UTC] PHP Fatal error:  require(): Failed opening required 'libphp-phpmailer/class.phpmailer.php' (include_path='.:/usr/share/php:/usr/share/pear') in /home/ubuntu/workspace/historymaps/includes/helpers.php on line 6
[01-May-2017 11:06:39 UTC] PHP Stack trace:
[01-May-2017 11:06:39 UTC] PHP   1. {main}() /home/ubuntu/workspace/historymaps/public/index.php:0
[01-May-2017 11:06:39 UTC] PHP   2. require() /home/ubuntu/workspace/historymaps/public/index.php:4
[01-May-2017 11:06:39 UTC] PHP   3. require() /home/ubuntu/workspace/historymaps/includes/config.php:8
